2025-10-18 11:04:59.554769 (472424) main____ INFO    ----------------------------------------
2025-10-18 11:04:59.554821 (472424) main____ INFO    Jasper version info
2025-10-18 11:04:59.554830 (472424) main____ INFO      tool      : Jasper 2024.09
2025-10-18 11:04:59.554839 (472424) main____ INFO      version   : 2024.09 FCS 64 bits
2025-10-18 11:04:59.554846 (472424) main____ INFO      build date: 2024.09.26 14:35:17 UTC
2025-10-18 11:04:59.554851 (472424) main____ INFO    ----------------------------------------
2025-10-18 11:04:59.554855 (472424) main____ INFO    Runtime info:
2025-10-18 11:04:59.554860 (472424) main____ INFO      platform  : Linux 4.18.0-348.7.1.el8_5.x86_64 x86_64
2025-10-18 11:04:59.554868 (472424) main____ INFO      hostname  : pc-064-244.cic.ipn.mx
2025-10-18 11:04:59.554876 (472424) main____ INFO      pid       : 472424
2025-10-18 11:04:59.554881 (472424) main____ INFO      arguments : '-style' 'windows' '-allow_unsupported_OS' './formal/fsm_formal.tcl'
2025-10-18 11:04:59.554886 (472424) main____ INFO      locale    : UTF-8
2025-10-18 11:04:59.554891 (472424) main____ INFO    ----------------------------------------
2025-10-18 11:04:59.554895 (472424) main____ INFO    System resource limits info:
2025-10-18 11:04:59.554902 (472424) main____ INFO      virtual memory: unlimited
2025-10-18 11:04:59.554908 (472424) main____ INFO      cpu time      : unlimited
2025-10-18 11:04:59.554916 (472424) main____ INFO      processes     : 772419
2025-10-18 11:04:59.554926 (472424) main____ INFO      stack size    : 8388608 B
2025-10-18 11:04:59.554933 (472424) main____ INFO      core file size: 0 B
2025-10-18 11:04:59.554940 (472424) main____ INFO      open files    : 262144
2025-10-18 11:04:59.554946 (472424) main____ INFO      file size     : unlimited
2025-10-18 11:04:59.554950 (472424) main____ INFO    ----------------------------------------
2025-10-18 11:04:59.554955 (472424) main____ INFO    Memory statistics:
2025-10-18 11:04:59.554961 (472424) main____ INFO      total physical memory  : 197799128 kB
2025-10-18 11:04:59.554967 (472424) main____ INFO      free physical memory   : 185044144 kB
2025-10-18 11:04:59.554972 (472424) main____ INFO      committed address space: 7816116 kB
2025-10-18 11:04:59.554977 (472424) main____ INFO    ----------------------------------------
2025-10-18 11:04:59.555858 (472424) main____ INFO    Important environment variables:
2025-10-18 11:04:59.555883 (472424) main____ INFO      CDS_AUTO_64BIT     : 'ALL'
2025-10-18 11:04:59.555892 (472424) main____ INFO      CDS_LIC_FILE       : '5280@pc-064-244.cic.ipn.mx'
2025-10-18 11:04:59.555898 (472424) main____ INFO      CDS_LOG_PATH       : '/home//MyLib45/logs'
2025-10-18 11:04:59.555904 (472424) main____ INFO      CDS_Netlisting_Mode: 'Analog'
2025-10-18 11:04:59.555910 (472424) main____ INFO      CDS_SITE           : '/usr/local/TSMC/GDK45/gpdk045_v_6_0'
2025-10-18 11:04:59.555916 (472424) main____ INFO      CDS_XCELIUM        : '/usr/local/cadence/installs/XCELIUM2409'
2025-10-18 11:04:59.555921 (472424) main____ INFO      DISPLAY            : 'localhost:10.0'
2025-10-18 11:04:59.555927 (472424) main____ INFO      JASPER_CPU_CHECK   : '1'
2025-10-18 11:04:59.555933 (472424) main____ INFO      JASPER_INSTALL_DIR : '/usr/local/cadence/installs/jasper_2024.09'
2025-10-18 11:04:59.555939 (472424) main____ INFO      JASPER_KERNEL_CHECK: '1'
2025-10-18 11:04:59.555945 (472424) main____ INFO      JASPER_OS_CHECK    : '0'
2025-10-18 11:04:59.555951 (472424) main____ INFO      JASPER_PLATFORM    : 'Linux64'
2025-10-18 11:04:59.555956 (472424) main____ INFO      LANG               : 'en_US.UTF-8'
2025-10-18 11:04:59.555962 (472424) main____ INFO      LC_ADDRESS         : 'es_MX.UTF-8'
2025-10-18 11:04:59.555968 (472424) main____ INFO      LC_IDENTIFICATION  : 'es_MX.UTF-8'
2025-10-18 11:04:59.555975 (472424) main____ INFO      LC_MEASUREMENT     : 'es_MX.UTF-8'
2025-10-18 11:04:59.555981 (472424) main____ INFO      LC_MONETARY        : 'es_MX.UTF-8'
2025-10-18 11:04:59.555986 (472424) main____ INFO      LC_NAME            : 'es_MX.UTF-8'
2025-10-18 11:04:59.555999 (472424) main____ INFO      LC_NUMERIC         : 'es_MX.UTF-8'
2025-10-18 11:04:59.556006 (472424) main____ INFO      LC_PAPER           : 'es_MX.UTF-8'
2025-10-18 11:04:59.556012 (472424) main____ INFO      LC_TELEPHONE       : 'es_MX.UTF-8'
2025-10-18 11:04:59.556018 (472424) main____ INFO      LC_TIME            : 'es_MX.UTF-8'
2025-10-18 11:04:59.556023 (472424) main____ INFO    ----------------------------------------
2025-10-18 11:04:59.556670 (472424) lic_core INFO    Initializing license system ...
2025-10-18 11:04:59.563653 (472424) lic_core INFO    ... license system initialized.
2025-10-18 11:04:59.576078 (472424) lic__man INFO    Claim 'main' for <ui>.
2025-10-18 11:04:59.576120 (472424) lic_core INFO    (1) checking out 'jasper_interactive' ...
2025-10-18 11:04:59.590873 (472424) lic_core INFO    ... (1) checkout succeeded
2025-10-18 11:04:59.590935 (472424) lic__man INFO    Claim 'fpv' for <ui>.
2025-10-18 11:04:59.590958 (472424) lic_core INFO    (2) checking out 'jasper_fpv' ...
2025-10-18 11:04:59.598430 (472424) lic_core INFO    ... (2) checkout failed (error: -5) ("FLEXnet ERROR(-5, 0, 0): No such feature exists.")
2025-10-18 11:04:59.598464 (472424) lic_core INFO    (3) checking out 'jasper_fao' ...
2025-10-18 11:04:59.611424 (472424) lic_core INFO    ... (3) checkout succeeded
2025-10-18 11:04:59.611934 (472424) main____ INFO    Tool inactivity delay is 480000 ms.
2025-10-18 11:05:00.426845 (472424) lic__man INFO    Claim 'fpv' for <ui>.
2025-10-18 11:05:00.635543 (472424) lic__man INFO    Unclaim 'fpv' for <ui>.
2025-10-18 11:05:00.635597 (472424) lic__man INFO    Claim 'fpv' for <ui>.
2025-10-18 11:05:00.641932 (472424) session_ INFO    Starting analysis session with session id 'session_0' (launcher: <local>) ...
2025-10-18 11:05:00.644379 (472424) session_ INFO    Analysis session with session id 'session_0' started (pid: 472486)
2025-10-18 11:05:09.259288 (472424) session_ INFO    Analysis session 'session_0' connected to the console (host: 127.0.0.1:57336)
2025-10-18 11:05:09.440128 (472424) main____ INFO    Releasing console memory by request of analysis session 'session_0'.
2025-10-18 11:05:09.440445 (472424) lic__man INFO    Unclaim everything for 'session_0'.
2025-10-18 11:05:09.446901 (472424) lic__man INFO    Unclaim everything for 'session_0'.
2025-10-18 11:05:26.288771 (472424) lic__man INFO    Claim 'fpv' for 'session_0'.
2025-10-18 11:05:26.288813 (472424) lic__man INFO    Claim 'fpv' for 'session_0/prove-1'.
2025-10-18 11:05:27.662962 (472424) lic__man INFO    Unclaim everything for 'session_0/prove-2'.
2025-10-18 11:05:27.663163 (472424) lic__man INFO    Unclaim everything for 'session_0/prove-1'.
2025-10-18 11:05:28.006111 (472424) lic__man INFO    Unclaim everything for 'session_0/prove-0'.
2025-10-18 11:05:42.624692 (472424) main____ INFO    About to exit: requested from GUI
2025-10-18 11:05:43.475844 (472424) session_ INFO    Analysis session 'session_0' disconnected.
2025-10-18 11:05:43.481047 (472424) lic_core INFO    (1) checkin jasper_interactive
2025-10-18 11:05:43.481538 (472424) lic_core INFO    (3) checkin jasper_fao
2025-10-18 11:05:43.482296 (472424) main____ INFO    Exiting with status 0.
