# ----------------------------------------
# Jasper Version Info
# tool      : Jasper 2024.09
# platform  : Linux 4.18.0-348.7.1.el8_5.x86_64
# version   : 2024.09 FCS 64 bits
# build date: 2024.09.26 14:35:17 UTC
# ----------------------------------------
# started   : 2025-10-18 11:05:01 CDT
# hostname  : pc-064-244.cic.ipn.mx.(none)
# pid       : 472486
# arguments : '-label' 'session_0' '-console' '//127.0.0.1:46755' '-style' 'windows' '-data' 'AAAAxHicY2RgYLCp////PwMYMD6A0Aw2jAyoAMRnQhUJbEChGRhYYZphSkAatBh0GRIZcoAwn6GcIZ6hlCGPoRhIFgBhPkMRQwlDKkMKUNyfIRioWg8I9RnSwDK5YH0gXjGQHY8iqgfUlwykQQAABpAYMw==' '-proj' '/home/maleman/MyLib45/git_alemanmig/maleman/FSM-Project/work_cadence/jgproject/sessionLogs/session_0' '-init' '-hidden' '/home/maleman/MyLib45/git_alemanmig/maleman/FSM-Project/work_cadence/jgproject/.tmp/.initCmds.tcl' './formal/fsm_formal.tcl'

Any disclosure about the Cadence Design Systems software or its use
model to any third party violates the written Non-Disclosure Agreement
between Cadence Design Systems, Inc. and the customer.

THIS SOFTWARE CONTAINS CONFIDENTIAL INFORMATION AND TRADE SECRETS OF
CADENCE DESIGN SYSTEMS, INC. USE, DISCLOSURE, OR REPRODUCTION IS
PROHIBITED WITHOUT THE PRIOR EXPRESS WRITTEN PERMISSION OF CADENCE
DESIGN SYSTEMS, INC.

Copyright (C) 2000-2024 Cadence Design Systems, Inc. All Rights
Reserved.  Unpublished -- rights reserved under the copyright laws of
the United States.

This product includes software developed by others and redistributed
according to license agreement. See doc/third_party_readme.txt for
further details.

RESTRICTED RIGHTS LEGEND

Use, duplication, or disclosure by the Government is subject to
restrictions as set forth in subparagraph (c) (1) (ii) of the Rights in
Technical Data and Computer Software clause at DFARS 252.227-7013 or
subparagraphs (c) (1) and (2) of Commercial Computer Software -- Restricted
Rights at 48 CFR 52.227-19, as applicable.


                          Cadence Design Systems, Inc.
                          2655 Seely Avenue
                          San Jose, CA 95134
                          Phone: 408.943.1234

For technical assistance visit http://support.cadence.com.

Jasper Apps Analysis Session - /home/maleman/MyLib45/git_alemanmig/maleman/FSM-Project/work_cadence/jgproject/sessionLogs/session_0

INFO: successfully checked out licenses "jasper_interactive" and "jasper_fao".
INFO: reading configuration file "/home/maleman/.config/cadence/jasper.conf".
% # JasperGold Formal Verification Script
% # FSM assertions check
% clear -all
INFO (IPF121): Cleared environment completely for new design analysis.
% 
% analyze -sv ../rtl/fsm.sv
[-- (VERI-1482)] Analyzing Verilog file '/usr/local/cadence/installs/jasper_2024.09/lib/verilog/packages/std/std.sv' into library 'std'
[-- (VERI-1482)] Analyzing Verilog file '../rtl/fsm.sv'
% analyze -sv ../tb/fsm_property.sv +define+FORMAL
[-- (VERI-1482)] Analyzing Verilog file '../tb/fsm_property.sv'
% 
% elaborate -top fsm
INFO (ISW003): Top module name is "fsm".
[INFO (VERI-1018)] ../tb/fsm_property.sv(6): compiling module 'fsm_property'
[INFO (VERI-8000)] ../tb/fsm_property.sv(13): Creating net dut.state
[INFO (VERI-8000)] ../tb/fsm_property.sv(13): Creating net dut.idle
[INFO (VERI-8000)] ../tb/fsm_property.sv(20): Creating net dut.next_state
[INFO (VERI-8000)] ../tb/fsm_property.sv(20): Creating net dut.s0
[INFO (VERI-8000)] ../tb/fsm_property.sv(27): Creating net dut.s1
[INFO (VERI-1018)] ../rtl/fsm.sv(8): compiling module 'fsm'
INFO (INL208): Elaboration synthesis summary:
  Number of synthesized netlists          3 (1 packages)
  Single run mode                         On
  Pipeline                                On (2 pipelined netlists)
  Late hierarchical reference connection  On
  Number of analyzed Verilog modules      3 (3 synthesized)
  Number of analyzed VHDL entities        0 (0 synthesized)
WARNING (WNL021): ../tb/fsm_property.sv(13): external reference "dut.state" remains unresolved and will be treated as a free net.
WARNING (WNL021): ../tb/fsm_property.sv(13): external reference "dut.idle" remains unresolved and will be treated as a free net.
WARNING (WNL021): ../tb/fsm_property.sv(20): external reference "dut.next_state" remains unresolved and will be treated as a free net.
WARNING (WNL021): ../tb/fsm_property.sv(20): external reference "dut.s0" remains unresolved and will be treated as a free net.
WARNING (WNL021): ../tb/fsm_property.sv(27): external reference "dut.s1" remains unresolved and will be treated as a free net.
INFO (INL003): Clearing all state information (assumes, stopats, and so forth).
fsm
[<embedded>] % 
[<embedded>] % clock clk
[<embedded>] % reset -expression rst
INFO (IPM031): Clearing proof results of all properties.
INFO (IRS006): Current reset condition is "rst".
[<embedded>] % prove -bg -all
background 0
Bcustom1: Custom engine code is hT3Nm7hPr1Vp3Di1Ra2USNIGL4JypRnLKLAdF6JAyuavO2JfGCiY9OZJhcAcOUnLx5xwNdhILGrAWX9s+z2WDkKwNR7tAfClBEjRFVQeq6DU54boFgEA
Mpcustom2: Custom engine code is hT3NZbhP9fmY2AbBQnsjfOxn6c+6e6yL+/e8fZFmaQrnlgEA
Ncustom3: Custom engine code is hT3Ng7hPPfiYQOTDZ3qhYOwGAM51eA+J/FjkM5shLioAsqhgLR4Ft+O1BuKG6ilQ83B9tLXSl+CwjiTMAQA
AMcustom4: Custom engine code is hT3Ng7hP/feYQOTDZ3qhYOwGAM51eA+J/FjkM5shLioAsqhgLR4Ft+O1BuKG6ilQ83B9tLXSmmqwm7g9AQA
INFO (IPF036): Starting proof on task: "<embedded>", 10 properties to prove with 0 already proven/unreachable
INFO (IRS029): Starting reset analysis: phase 1 of 4.
INFO (IRS030): Running reset analysis: phase 2 of 4.
INFO (IRS031): Running reset analysis: phase 3 of 4.
INFO (IRS020): Starting the reset analysis simulation with a limit of 100 iterations (phase 4 of 4).
INFO (IRS024): Reset iterations 0 to 4 analyzed.
INFO (IRS018): Reset analysis simulation executed for 3 iterations. Assigned values for 3 of 3 design flops, 0 of 0 design latches, 10 of 10 internal elements.
INFO (IRS039): Reset analysis complete.
INFO (IPF031): Settings used for proof thread 2:
    orchestration                      = on
    time_limit                         = 86400s
    per_property_time_limit            = 1s * 10 ^ scan
    engine_mode                        = auto
    proofgrid_per_engine_max_jobs      = 1
    max engine jobs                    = auto
    proofgrid_mode                     = local
    proofgrid_restarts                 = 10
2.0.PRE: A proof was found: No trace exists. [0.00 s]
INFO (IPF057): 2.0.PRE: The property "fsm.fsm_bind._assert_1" was proven in 0.00 s.
AMcustom5: Custom engine code is hT3N1rhP11/52HrFRS21ROp2LOjVTgPvT8L8BGXHgLhaIuqtT4nARFjUqrBL+7pLmaTOzBepZW/Jm8SSrHDybSQtoNiO3y43wk+dEoWlsZizu97Fih6O6lPVG/LpWP5SsUPwlGagLNa1FKEFvwVXyX7//8prySbvSxIHXr5er+z4RAEA
Ncustom6: Custom engine code is hT3OXrhPByJp3TrFSTLhUmMH4KVtJgmTCnNDF46yMXOKY48m4LS5nE7yBzFjA7kDuwO/GhGUpEPiky3p3wmPn3dJZHxFMsafSoObRzSC+tn7sEY0WbTdZ/FV4hL3MYH/b1CIUvXSWR4wqEoVLsmMOD4xIPT4lI1LO6ZCO7PnnWQuLwetnvKlrXx6wCW/A+x+enqslg1YPobi4wEF/EvbzOvcTYdJvl2s4H2yZg2b2ofAVN5WvhWk1HoBAA
2.0.PRE: A proof was found: No trace exists. [0.00 s]
ADcustom7: Custom engine code is hT3Nv7hPv1752HrFRa2kROx2f/ECJeZB2AZsLdlO8VwmIuqtT4nIDFXclhg+O+o+DMmQCekbheGk0kK28laA9gaOFDXsQp29J3X615HY1IPHJWd6FUFvCHjO+p1k652b5JJvZlShNpGlGSXAiQe/mEAj6tEBAA
INFO (IPF051): 2.0.PRE: The cover property "fsm.fsm_bind._assert_1:precondition1" was proven unreachable in 0.00 s.
Tricustom8: Custom engine code is hT3Nu7hPt1752DvFRa0kNDiyIV97VyejwM9C/jCLJjdPvusZONHY42VYUy0Q1ZotnhcVtNc56tJ5wbxv6V2+XpdsaSlHck5vfnbYjdwj1OECy9U+7oSQ0SZE3g5ayD+Phuh4odCJTjeKa2k4elM9ldQfkAEA
Gcustom9: Custom engine code is hT3NibhPDfeYQADBZnYcglOvK9Pfd7EOeniIqP8jNsyIqInncipMGcUXqAadachREE9F2PwhBUZUNw5kHnd4JdXkamORRgEA
C2custom10: Custom engine code is hT3NirhPjfWYQADBZnYcglOvK9Pfd7EOeniIqP8jNsyIqInncgkrYMMXCYbdK0dUjZIF9d4cJ0rHoBDjwVLBKuG86XYVV00BAA
2: Found proofs for 2 properties in preprocessing
AGcustom11: Custom engine code is hT3NirhP/fmYQADBZnYcglOvK9Pfd7EOeniIqP8jNsyIqInnckcwYMMXCYbdK0dUjZIF9d4cJ0rHoBDjwVLBKuHEZnZByh0BAA
2: Using multistage preprocessing
2: Starting reduce
Bcustom12: Custom engine code is hT3NjrhPDfiYQADBZnYcglOvK9PfWxFtenjIyBqfrgr7if/jL/yPOuK1BAflEcW0DxNH2eDIoezN2gxlQFg81RZtiWXh7aiTAidvAQA
Ncustom13: Custom engine code is hT3NR7hPByFp3TrFSTLhUmMH4KWtJglTyV/c51BHEeZWamnJv767nE6PCak26bd3gf3XGN3rIRheufhDieCJQVISo+gNYUKhiUedBKGtsP/a18svAnlMJZudHxDFwK5ufsyoxsIyiAeSY2oi3tEuoDHr5gw42DFKAG3PqO3CEsl8Azzdt3pl5nGA1Ifv2H02eYsFzWb/nfp8PMb3F0krE/EgBcm8TD9Div8BAA
2: Finished reduce in 0s
Tricustom14: Custom engine code is hT3Nu7hP3fiYQADBZnYcglNHp9bfd7EOeniIqP/ji8sGLQu8yhsFO+wxJ+O+R0bU8g/IewXFomyos+viQnWc2xYNYmMqpo3i40O7DaZR7qfp4YqNx26KRvQ/qx0BAA
2.0.PRE: Performing Proof Simplification...
2.0.Hp: clocks: 1, declared: 1, looping: 0, posedge: 1, negedge: 0, noedge: 0, bothedge: 0
2.0.Hp: Proof Simplification Iteration 1	[0.00 s]
2.0.PRE: A trace with 1 cycles was found. [0.00 s]
INFO (IPF047): 2.0.PRE: The cover property "fsm.fsm_bind._assert_2:precondition1" was covered in 1 cycles in 0.00 s.
INFO (IPF055): 2.0.PRE: A counterexample (cex) with 1 cycles was found for the property "fsm.fsm_bind._assert_3" in 0.00 s.
INFO (IPF047): 2.0.PRE: The cover property "fsm.fsm_bind._assert_3:precondition1" was covered in 1 cycles in 0.00 s.
INFO (IPF047): 2.0.PRE: The cover property "fsm.fsm_bind._assert_5:precondition1" was covered in 1 cycles in 0.00 s.
2.0.Hp: Proof Simplification Iteration 2	[0.10 s]
2.0.PRE: A proof was found: No trace exists. [0.00 s]
INFO (IPF057): 2.0.PRE: The property ":noDeadEnd" was proven in 0.00 s.
    Use check_assumptions -show -dead_end to show this property in the property table.
2.0.PRE: A proof was found: No trace exists. [0.00 s]
INFO (IPF057): 2.0.PRE: The property ":noConflict" was proven in 0.00 s.
    Use check_assumptions -show to show this property in the property table.
INFO (IPF047): 2.0.PRE: The cover property ":live" was covered in 1 cycles in 0.00 s.
    Use check_assumptions -show -live to show this property in the property table.
2.0.PRE: Proof Simplification completed in 0.10 s
2.0.Hp: Identified and disabled 3 duplicated targets.
2: About to start ProofGrid in its own thread with a limit of 10000 pending notifications and a limit of 10 traces.
2: ============================= ProofGrid (v3) start =============================
2: ProofGrid usable level: 4
2: Initial ProofGrid level: 1
2: ProofGrid is starting event handling
2.0.Hp: pc-064-244.cic.ipn.mx: "CentOS Linux 8" is an unsupported operating system.
2.0.Hp: Proofgrid shell started at 472585@pc-064-244.cic.ipn.mx(local) jg_472486_pc-064-244.cic.ipn.mx_1
2: ProofGrid usable level: 4
2: ProofGrid usable level: 4
2.0.Hp: clocks: 1, declared: 1, looping: 0, posedge: 1, negedge: 0, noedge: 0, bothedge: 0
2: ProofGrid usable level: 4
2.0.Hp: Trace Attempt  1	[0.00 s]
2.0.Hp: A trace with 1 cycles was found. [0.00 s]
INFO (IPF055): 2.0.Hp: A counterexample (cex) with 1 cycles was found for the property "fsm.fsm_bind._assert_2" in 0.00 s.
2: ProofGrid usable level: 3
2.0.Hp: A trace with 1 cycles was found. [0.00 s]
INFO (IPF047): 2.0.Hp: The cover property "fsm.fsm_bind._assert_4:precondition1" was covered in 1 cycles in 0.00 s.
2: ProofGrid usable level: 2
2.0.Hp: A trace with 1 cycles was found. [0.00 s]
INFO (IPF055): 2.0.Hp: A counterexample (cex) with 1 cycles was found for the property "fsm.fsm_bind._assert_5" in 0.00 s.
2.0.Hp: Trace Attempt  2	[0.00 s]
2.0.Hp: Trace Attempt  3	[0.00 s]
2.0.Hp: A trace with 3 cycles was found. [0.00 s]
INFO (IPF055): 2.0.Hp: A counterexample (cex) with 3 cycles was found for the property "fsm.fsm_bind._assert_4" in 0.00 s.
2.0.Hp: All properties determined. [0.00 s]
INFO (IPF144): 2: Initiating shutdown of proof [0.00 s]
2.0.Hp: Exited with Success (@ 0.00 s)
2: ProofGrid usable level: 0
2.0.Ht: pc-064-244.cic.ipn.mx: "CentOS Linux 8" is an unsupported operating system.
2.0.L: pc-064-244.cic.ipn.mx: "CentOS Linux 8" is an unsupported operating system.
2.0.Oh: pc-064-244.cic.ipn.mx: "CentOS Linux 8" is an unsupported operating system.
2.0.Bm: pc-064-244.cic.ipn.mx: "CentOS Linux 8" is an unsupported operating system.
2.0.Mpcustom2: pc-064-244.cic.ipn.mx: "CentOS Linux 8" is an unsupported operating system.
2.0.Ht: Proofgrid shell started at 472603@pc-064-244.cic.ipn.mx(local) jg_472486_pc-064-244.cic.ipn.mx_1
2.0.Ht: Preventing job from starting because proof is shutting down.
2.0.Ht: Requesting engine job to terminate
2.0.Ht: Interrupted. [0.00 s]
2.0.AM: pc-064-244.cic.ipn.mx: "CentOS Linux 8" is an unsupported operating system.
2.0.Ht: Exited with Success (@ 0.10 s)
2.0.N: pc-064-244.cic.ipn.mx: "CentOS Linux 8" is an unsupported operating system.
2.0.B: pc-064-244.cic.ipn.mx: "CentOS Linux 8" is an unsupported operating system.
2.0.Oh: Proofgrid shell started at 472608@pc-064-244.cic.ipn.mx(local) jg_472486_pc-064-244.cic.ipn.mx_1
2.0.Oh: Preventing job from starting because proof is shutting down.
2.0.Oh: Requesting engine job to terminate
2.0.Oh: Interrupted. [0.00 s]
2.0.Oh: Exited with Success (@ 0.13 s)
2.0.Bm: Proofgrid shell started at 472606@pc-064-244.cic.ipn.mx(local) jg_472486_pc-064-244.cic.ipn.mx_1
2.0.Bm: Preventing job from starting because proof is shutting down.
2.0.Bm: Requesting engine job to terminate
2.0.Bm: Interrupted. [0.00 s]
2.0.Mpcustom2: Proofgrid shell started at 472607@pc-064-244.cic.ipn.mx(local) jg_472486_pc-064-244.cic.ipn.mx_1
2.0.Mpcustom2: Preventing job from starting because proof is shutting down.
2.0.Mpcustom2: Requesting engine job to terminate
2.0.Mpcustom2: Interrupted. [0.00 s]
2.0.Bm: Exited with Success (@ 0.14 s)
2.0.L: Proofgrid shell started at 472609@pc-064-244.cic.ipn.mx(local) jg_472486_pc-064-244.cic.ipn.mx_1
2.0.Mpcustom2: Exited with Success (@ 0.14 s)
2.0.L: Preventing job from starting because proof is shutting down.
2.0.L: Requesting engine job to terminate
2.0.L: Interrupted. [0.00 s]
2.0.L: Exited with Success (@ 0.14 s)
2.0.N: Proofgrid shell started at 472610@pc-064-244.cic.ipn.mx(local) jg_472486_pc-064-244.cic.ipn.mx_1
2.0.AM: Proofgrid shell started at 472612@pc-064-244.cic.ipn.mx(local) jg_472486_pc-064-244.cic.ipn.mx_1
2.0.N: Preventing job from starting because proof is shutting down.
2.0.N: Requesting engine job to terminate
2.0.AM: Preventing job from starting because proof is shutting down.
2.0.AM: Requesting engine job to terminate
2.0.N: Interrupted. [0.00 s]
2.0.AM: Interrupted. [0.00 s]
2.0.N: Exited with Success (@ 0.15 s)
2.0.AM: Exited with Success (@ 0.15 s)
2.0.B: Proofgrid shell started at 472611@pc-064-244.cic.ipn.mx(local) jg_472486_pc-064-244.cic.ipn.mx_1
2.0.B: Preventing job from starting because proof is shutting down.
2.0.B: Requesting engine job to terminate
2.0.B: Interrupted. [0.00 s]
2.0.B: Exited with Success (@ 0.15 s)
2: --------------------------------------------------------------
ProofGrid Summary (utilization 0.22 %)
--------------------------------------------------------------
     engines started                               :     9
     engine jobs started                           :     9

    Time in state (seconds)
    --------------------------------------------
               Pending     Running        Dead
    --------------------------------------------
    min           0.00        0.00        0.00
    mean          0.14        0.00        0.00
    median        0.14        0.00        0.00
    max           0.15        0.00        0.00
    sum           1.27        0.00        0.00

    Data read    : 4.42 kiB
    Data written : 320.00 B

2: ProofGrid usable level: 0
2: All pending notifications were processed.
INFO (IPF059): 2: Completed proof on task: "<embedded>"

==============================================================
SUMMARY
==============================================================
           Properties Considered              : 10
                 assertions                   : 5
                  - proven                    : 1 (20%)
                  - bounded_proven (user)     : 0 (0%)
                  - bounded_proven (auto)     : 0 (0%)
                  - marked_proven             : 0 (0%)
                  - cex                       : 4 (80%)
                  - ar_cex                    : 0 (0%)
                  - undetermined              : 0 (0%)
                  - unknown                   : 0 (0%)
                  - error                     : 0 (0%)
                 covers                       : 5
                  - unreachable               : 1 (20%)
                  - bounded_unreachable (user): 0 (0%)
                  - covered                   : 4 (80%)
                  - ar_covered                : 0 (0%)
                  - undetermined              : 0 (0%)
                  - unknown                   : 0 (0%)
                  - error                     : 0 (0%)
INFO (IPL005): Received request to exit from the console.
INFO (IPL014): Waiting for the Tcl-thread to exit.
INFO: Waiting for proof threads to stop...
INFO: Proof threads stopped.
INFO (IPL018): The peak resident set memory use for this session was 0.436 GB.
INFO (IPL015): The Tcl-thread exited with status 0.
INFO (IPL016): Exiting the analysis session with status 0.
